<?xml version="1.0" encoding="UTF-8"?>
<testsuite xmlns:xsi="http://www.w3.org/2001/XMLSchema-instance" xsi:noNamespaceSchemaLocation="https://maven.apache.org/surefire/maven-surefire-plugin/xsd/surefire-test-report.xsd" name="cl.mauriciovera.service.PaymentProcesorTest" time="0.648" tests="7" errors="0" skipped="0" failures="0">
  <properties>
[...]
</properties>
  <testcase name="testProcessPayment_InvalidAmount" classname="cl.mauriciovera.service.PaymentProcesorTest" time="0.587"/>
  <testcase name="testProcessPayment_CreditCardSuccess" classname="cl.mauriciovera.service.PaymentProcesorTest" time="0.034"/>
  <testcase name="testGetPaymentHistory_ReturnsInjectedInstance" classname="cl.mauriciovera.service.PaymentProcesorTest" time="0.001"/>
  <testcase name="testProcessPayment_BankTransferSuccess" classname="cl.mauriciovera.service.PaymentProcesorTest" time="0.002"/>
  <testcase name="testProcessPayment_UnknownMethod" classname="cl.mauriciovera.service.PaymentProcesorTest" time="0.002"/>
  <testcase name="testProcessPayment_ShouldNotAddPaymentWhenResultIsFalse" classname="cl.mauriciovera.service.PaymentProcesorTest" time="0.001"/>
  <testcase name="testProcessPayment_InvalidUser" classname="cl.mauriciovera.service.PaymentProcesorTest" time="0.001"/>
</testsuite>